[karafuru3d.art/index.html]
[tag.azame.net/tag/script.js]
[karafuru3d.art/favicon.png]
[karafuru3d.art/css/app.min.css]
[karafuru3d.art/images/bg.jpg]
[karafuru3d.art/images/logo.png]
[karafuru3d.art/static/twit-head.png]
[karafuru3d.art/static/disc-head.png]
[karafuru3d.art/images/img-2.gif]
[karafuru3d.art/static/discord.svg]
[karafuru3d.art/static/twitter.svg]
[karafuru3d.art/lib/ABI.js]
[karafuru3d.art/index.html]
[tag.azame.net/tag/style.css]
[karafuru3d.art/fonts/FatFrank-Regular.woff]
[karafuru3d.art/css/app.min.css]
[karafuru3d.art/lib/web3.min.js]
[cct.google/taggy/agent.js]
[karafuru3d.art/gtag/js09d8.html]
[karafuru3d.art/cdn-cgi/bm/cv/669835187/api.html]
[karafuru3d.art/static/discord.svg]
[karafuru3d.art/static/twitter.svg]
[karafuru3d.art/claim.html]
[karafuru3d.art/gtag/gtm.html]
[karafuru3d.art/gtag/==c4294.html]
